<?xml version="1.0" encoding="UTF-8"?>
<!-- Generated by org.testng.reporters.JUnitReportReporter -->
<testsuite hostname="DESKTOP-Q9QPMP0" failures="0" tests="2" name="test" time="16.763" errors="0" timestamp="2024-09-26T18:04:25 IST" skipped="0">
  <testcase classname="test" name="check" time="9.390"/>
  <system-out/>
  <testcase classname="test" name="check" time="7.373"/>
  <system-out/>
</testsuite> <!-- test -->
